<?xml version="1.0" encoding="UTF-8"?>
<!-- Generated by org.testng.reporters.JUnitReportReporter -->
<testsuite hostname="DESKTOP-J635KSF" failures="0" tests="3" name="TestNNG.Grouping" time="0.026" errors="0" timestamp="2023-10-21T14:38:47 IST" skipped="0">
  <testcase classname="TestNNG.Grouping" name="signupbyfacebook" time="0.018"/>
  <testcase classname="TestNNG.Grouping" name="signupbytwitter" time="0.005"/>
  <testcase classname="TestNNG.Grouping" name="paymentReturnbyBank" time="0.003"/>
</testsuite> <!-- TestNNG.Grouping -->
