<?xml version="1.0" encoding="UTF-8"?>
<!-- Generated by org.testng.reporters.JUnitReportReporter -->
<testsuite hostname="DESKTOP-J635KSF" failures="0" tests="3" name="TestNNG.second_test_demo" time="13.611" errors="0" timestamp="2023-10-19T15:49:19 IST" skipped="0">
  <testcase classname="TestNNG.second_test_demo" name="openApp" time="10.175"/>
  <testcase classname="TestNNG.second_test_demo" name="login" time="2.944"/>
  <testcase classname="TestNNG.second_test_demo" name="logout" time="0.492"/>
</testsuite> <!-- TestNNG.second_test_demo -->
