<?xml version="1.0" encoding="UTF-8"?>
<!-- Generated by org.testng.reporters.JUnitReportReporter -->
<testsuite hostname="DESKTOP-J635KSF" failures="0" tests="3" name="TestNNG.First_classNg" time="0.039" errors="0" timestamp="2023-10-19T15:29:02 IST" skipped="0">
  <testcase classname="TestNNG.First_classNg" name="openapp" time="0.026"/>
  <testcase classname="TestNNG.First_classNg" name="login" time="0.007"/>
  <testcase classname="TestNNG.First_classNg" name="logout" time="0.006"/>
</testsuite> <!-- TestNNG.First_classNg -->
