<?xml version="1.0" encoding="UTF-8"?>
<!-- Generated by org.testng.reporters.JUnitReportReporter -->
<testsuite hostname="DESKTOP-J635KSF" failures="0" tests="3" name="Data_Cause.groups" time="0.017" errors="0" timestamp="2023-12-13T18:52:04 IST" skipped="0">
  <testcase classname="Data_Cause.groups" name="loginbyemail" time="0.011"/>
  <testcase classname="Data_Cause.groups" name="dollaar" time="0.003"/>
  <testcase classname="Data_Cause.groups" name="cad" time="0.003"/>
</testsuite> <!-- Data_Cause.groups -->
