<?xml version="1.0" encoding="UTF-8"?>
<!-- Generated by org.testng.reporters.JUnitReportReporter -->
<testsuite hostname="DESKTOP-J635KSF" failures="0" tests="3" name="TestNNG.second_test" time="15.695" errors="0" timestamp="2023-10-19T15:36:45 IST" skipped="0">
  <testcase classname="TestNNG.second_test" name="openApp" time="12.789"/>
  <testcase classname="TestNNG.second_test" name="login" time="2.359"/>
  <testcase classname="TestNNG.second_test" name="closeApp" time="0.547"/>
</testsuite> <!-- TestNNG.second_test -->
