<?xml version="1.0" encoding="UTF-8"?>
<!-- Generated by org.testng.reporters.JUnitReportReporter -->
<testsuite hostname="DESKTOP-J635KSF" failures="0" tests="3" name="TestNNG.first_test" time="0.006" errors="0" timestamp="2023-10-20T17:26:12 IST" skipped="0">
  <testcase classname="TestNNG.first_test" name="openapp" time="0.003"/>
  <testcase classname="TestNNG.first_test" name="login" time="0.001"/>
  <testcase classname="TestNNG.first_test" name="logout" time="0.002"/>
</testsuite> <!-- TestNNG.first_test -->
