<?xml version="1.0" encoding="UTF-8"?>
<!-- Generated by org.testng.reporters.JUnitReportReporter -->
<testsuite hostname="DESKTOP-J635KSF" failures="0" tests="4" name="Data_Cause.Parallel_testing" time="56.851" errors="0" timestamp="2023-12-14T14:10:54 IST" skipped="0">
  <testcase classname="Data_Cause.Parallel_testing" name="setup" time="38.238"/>
  <testcase classname="Data_Cause.Parallel_testing" name="setup" time="18.220"/>
  <testcase classname="Data_Cause.Parallel_testing" name="search" time="0.226"/>
  <testcase classname="Data_Cause.Parallel_testing" name="search" time="0.167"/>
</testsuite> <!-- Data_Cause.Parallel_testing -->
