<?xml version="1.0" encoding="UTF-8"?>
<!-- Generated by org.testng.reporters.JUnitReportReporter -->
<testsuite hostname="DESKTOP-J635KSF" failures="0" tests="4" name="TestNNG.Parellel" time="0.510" errors="0" timestamp="2023-10-23T20:02:52 IST" skipped="0">
  <testcase classname="TestNNG.Parellel" name="testlog" time="0.219"/>
  <testcase classname="TestNNG.Parellel" name="testlog" time="0.210"/>
  <testcase classname="TestNNG.Parellel" name="testPageHometitle" time="0.035"/>
  <testcase classname="TestNNG.Parellel" name="testPageHometitle" time="0.046"/>
</testsuite> <!-- TestNNG.Parellel -->
